<?xml version="1.0" encoding="utf-8"?><testsuite errors="0" failures="0" name="pytest" skipped="0" tests="7" time="2.169"><testcase classname="test_submit" file="test_submit.py" line="3" name="test_q1" time="0.001"></testcase><testcase classname="test_submit" file="test_submit.py" line="8" name="test_q2" time="0.002"></testcase><testcase classname="test_submit" file="test_submit.py" line="13" name="test_q3" time="0.002"></testcase><testcase classname="test_submit" file="test_submit.py" line="18" name="test_q4" time="0.003"></testcase><testcase classname="test_submit" file="test_submit.py" line="23" name="test_q5" time="0.002"></testcase><testcase classname="test_submit" file="test_submit.py" line="28" name="test_q6" time="0.001"></testcase><testcase classname="test_submit" file="test_submit.py" line="33" name="test_q7" time="0.001"></testcase></testsuite>